c:\users\hoholee12\documents\visual studio 2013\projects\pcsx2\pcsx2\windows\vcprojects\win32\release\pcsx2.pch
c:\users\hoholee12\documents\visual studio 2013\projects\pcsx2\pcsx2\windows\vcprojects\win32\release\vc120.pdb
c:\users\hoholee12\documents\visual studio 2013\projects\pcsx2\pcsx2\windows\vcprojects\win32\release\precompiledheader.obj
c:\users\hoholee12\documents\visual studio 2013\projects\pcsx2\pcsx2\windows\vcprojects\win32\release\compressedfilereader.obj
c:\users\hoholee12\documents\visual studio 2013\projects\pcsx2\pcsx2\windows\vcprojects\win32\release\outputisofile.obj
c:\users\hoholee12\documents\visual studio 2013\projects\pcsx2\pcsx2\windows\vcprojects\win32\release\biosdebugdata.obj
c:\users\hoholee12\documents\visual studio 2013\projects\pcsx2\pcsx2\windows\vcprojects\win32\release\expressionparser.obj
c:\users\hoholee12\documents\visual studio 2013\projects\pcsx2\pcsx2\windows\vcprojects\win32\release\mipsanalyst.obj
c:\users\hoholee12\documents\visual studio 2013\projects\pcsx2\pcsx2\windows\vcprojects\win32\release\ctrldisassemblyview.obj
c:\users\hoholee12\documents\visual studio 2013\projects\pcsx2\pcsx2\windows\vcprojects\win32\release\gamedatabasedialog.obj
c:\users\hoholee12\documents\visual studio 2013\projects\pcsx2\pcsx2\windows\vcprojects\win32\release\memorycardlistview.obj
c:\users\hoholee12\documents\visual studio 2013\projects\pcsx2\pcsx2\windows\vcprojects\win32\release\legacydmac.obj
c:\users\hoholee12\documents\visual studio 2013\projects\pcsx2\pcsx2\windows\vcprojects\win32\release\pcsx2config.obj
c:\users\hoholee12\documents\visual studio 2013\projects\pcsx2\pcsx2\windows\vcprojects\win32\release\samplprof.obj
c:\users\hoholee12\documents\visual studio 2013\projects\pcsx2\pcsx2\windows\vcprojects\win32\release\inputisofile.obj
c:\users\hoholee12\documents\visual studio 2013\projects\pcsx2\pcsx2\windows\vcprojects\win32\release\hw.obj
c:\users\hoholee12\documents\visual studio 2013\projects\pcsx2\pcsx2\windows\vcprojects\win32\release\cache.obj
c:\users\hoholee12\documents\visual studio 2013\projects\pcsx2\pcsx2\windows\vcprojects\win32\release\recvtlb.obj
c:\users\hoholee12\documents\visual studio 2013\projects\pcsx2\pcsx2\windows\vcprojects\win32\release\vumicromem.obj
c:\users\hoholee12\documents\visual studio 2013\projects\pcsx2\pcsx2\windows\vcprojects\win32\release\svu_upper.obj
c:\users\hoholee12\documents\visual studio 2013\projects\pcsx2\pcsx2\windows\vcprojects\win32\release\vu0micro.obj
c:\users\hoholee12\documents\visual studio 2013\projects\pcsx2\pcsx2\windows\vcprojects\win32\release\vu1micro.obj
c:\users\hoholee12\documents\visual studio 2013\projects\pcsx2\pcsx2\windows\vcprojects\win32\release\vuops.obj
c:\users\hoholee12\documents\visual studio 2013\projects\pcsx2\pcsx2\windows\vcprojects\win32\release\vif1_mfifo.obj
c:\users\hoholee12\documents\visual studio 2013\projects\pcsx2\pcsx2\windows\vcprojects\win32\release\newvif_unpack.obj
c:\users\hoholee12\documents\visual studio 2013\projects\pcsx2\pcsx2\windows\vcprojects\win32\release\gif.obj
c:\users\hoholee12\documents\visual studio 2013\projects\pcsx2\pcsx2\windows\vcprojects\win32\release\immi.obj
c:\users\hoholee12\documents\visual studio 2013\projects\pcsx2\pcsx2\windows\vcprojects\win32\release\ir5900aritimm.obj
c:\users\hoholee12\documents\visual studio 2013\projects\pcsx2\pcsx2\windows\vcprojects\win32\release\ir5900jump.obj
c:\users\hoholee12\documents\visual studio 2013\projects\pcsx2\pcsx2\windows\vcprojects\win32\release\ir5900shift.obj
c:\users\hoholee12\documents\visual studio 2013\projects\pcsx2\pcsx2\windows\vcprojects\win32\release\fpu.obj
c:\users\hoholee12\documents\visual studio 2013\projects\pcsx2\pcsx2\windows\vcprojects\win32\release\r5900opcodeimpl.obj
c:\users\hoholee12\documents\visual studio 2013\projects\pcsx2\pcsx2\windows\vcprojects\win32\release\iopdma.obj
c:\users\hoholee12\documents\visual studio 2013\projects\pcsx2\pcsx2\windows\vcprojects\win32\release\iopsif.obj
c:\users\hoholee12\documents\visual studio 2013\projects\pcsx2\pcsx2\windows\vcprojects\win32\release\r3000aopcodetables.obj
c:\users\hoholee12\documents\visual studio 2013\projects\pcsx2\pcsx2\windows\vcprojects\win32\release\iophw.obj
c:\users\hoholee12\documents\visual studio 2013\projects\pcsx2\pcsx2\windows\vcprojects\win32\release\cdvd.obj
c:\users\hoholee12\documents\visual studio 2013\projects\pcsx2\pcsx2\windows\vcprojects\win32\release\gsstate.obj
c:\users\hoholee12\documents\visual studio 2013\projects\pcsx2\pcsx2\windows\vcprojects\win32\release\disr5900asm.obj
c:\users\hoholee12\documents\visual studio 2013\projects\pcsx2\pcsx2\windows\vcprojects\win32\release\icore-32.obj
c:\users\hoholee12\documents\visual studio 2013\projects\pcsx2\pcsx2\windows\vcprojects\win32\release\isofs.obj
c:\users\hoholee12\documents\visual studio 2013\projects\pcsx2\pcsx2\windows\vcprojects\win32\release\appassert.obj
c:\users\hoholee12\documents\visual studio 2013\projects\pcsx2\pcsx2\windows\vcprojects\win32\release\appeventsources.obj
c:\users\hoholee12\documents\visual studio 2013\projects\pcsx2\pcsx2\windows\vcprojects\win32\release\appres.obj
c:\users\hoholee12\documents\visual studio 2013\projects\pcsx2\pcsx2\windows\vcprojects\win32\release\cpuusageprovidermsw.obj
c:\users\hoholee12\documents\visual studio 2013\projects\pcsx2\pcsx2\windows\vcprojects\win32\release\executorthread.obj
c:\users\hoholee12\documents\visual studio 2013\projects\pcsx2\pcsx2\windows\vcprojects\win32\release\i18n.obj
c:\users\hoholee12\documents\visual studio 2013\projects\pcsx2\pcsx2\windows\vcprojects\win32\release\mainframe.obj
c:\users\hoholee12\documents\visual studio 2013\projects\pcsx2\pcsx2\windows\vcprojects\win32\release\mswstuff.obj
c:\users\hoholee12\documents\visual studio 2013\projects\pcsx2\pcsx2\windows\vcprojects\win32\release\updateui.obj
c:\users\hoholee12\documents\visual studio 2013\projects\pcsx2\pcsx2\windows\vcprojects\win32\release\biosselectordialog.obj
c:\users\hoholee12\documents\visual studio 2013\projects\pcsx2\pcsx2\windows\vcprojects\win32\release\firsttimewizard.obj
c:\users\hoholee12\documents\visual studio 2013\projects\pcsx2\pcsx2\windows\vcprojects\win32\release\stuckthreaddialog.obj
c:\users\hoholee12\documents\visual studio 2013\projects\pcsx2\pcsx2\windows\vcprojects\win32\release\cpupanel.obj
c:\users\hoholee12\documents\visual studio 2013\projects\pcsx2\pcsx2\windows\vcprojects\win32\release\gswindowpanel.obj
c:\users\hoholee12\documents\visual studio 2013\projects\pcsx2\pcsx2\windows\vcprojects\win32\release\memorycardlistpanel.obj
c:\users\hoholee12\documents\visual studio 2013\projects\pcsx2\pcsx2\windows\vcprojects\win32\release\dwmsetup.obj
c:\users\hoholee12\documents\visual studio 2013\projects\pcsx2\pcsx2\windows\vcprojects\win32\release\winconsolepipe.obj
c:\users\hoholee12\documents\visual studio 2013\projects\pcsx2\pcsx2\windows\vcprojects\win32\release\blockdumpfilereader.obj
c:\users\hoholee12\documents\visual studio 2013\projects\pcsx2\pcsx2\windows\vcprojects\win32\release\debuginterface.obj
c:\users\hoholee12\documents\visual studio 2013\projects\pcsx2\pcsx2\windows\vcprojects\win32\release\mipsassembler.obj
c:\users\hoholee12\documents\visual studio 2013\projects\pcsx2\pcsx2\windows\vcprojects\win32\release\mipsstackwalk.obj
c:\users\hoholee12\documents\visual studio 2013\projects\pcsx2\pcsx2\windows\vcprojects\win32\release\gif_logger.obj
c:\users\hoholee12\documents\visual studio 2013\projects\pcsx2\pcsx2\windows\vcprojects\win32\release\gif_unit.obj
c:\users\hoholee12\documents\visual studio 2013\projects\pcsx2\pcsx2\windows\vcprojects\win32\release\appusermode.obj
c:\users\hoholee12\documents\visual studio 2013\projects\pcsx2\pcsx2\windows\vcprojects\win32\release\debugevents.obj
c:\users\hoholee12\documents\visual studio 2013\projects\pcsx2\pcsx2\windows\vcprojects\win32\release\debuggerlists.obj
c:\users\hoholee12\documents\visual studio 2013\projects\pcsx2\pcsx2\windows\vcprojects\win32\release\gamedatabasepanel.obj
c:\users\hoholee12\documents\visual studio 2013\projects\pcsx2\pcsx2\windows\vcprojects\win32\release\patch.obj
c:\users\hoholee12\documents\visual studio 2013\projects\pcsx2\pcsx2\windows\vcprojects\win32\release\fileutils.obj
c:\users\hoholee12\documents\visual studio 2013\projects\pcsx2\pcsx2\windows\vcprojects\win32\release\dump.obj
c:\users\hoholee12\documents\visual studio 2013\projects\pcsx2\pcsx2\windows\vcprojects\win32\release\sourcelog.obj
c:\users\hoholee12\documents\visual studio 2013\projects\pcsx2\pcsx2\windows\vcprojects\win32\release\system.obj
c:\users\hoholee12\documents\visual studio 2013\projects\pcsx2\pcsx2\windows\vcprojects\win32\release\baseblockex.obj
c:\users\hoholee12\documents\visual studio 2013\projects\pcsx2\pcsx2\windows\vcprojects\win32\release\biostools.obj
c:\users\hoholee12\documents\visual studio 2013\projects\pcsx2\pcsx2\windows\vcprojects\win32\release\counters.obj
c:\users\hoholee12\documents\visual studio 2013\projects\pcsx2\pcsx2\windows\vcprojects\win32\release\hwread.obj
c:\users\hoholee12\documents\visual studio 2013\projects\pcsx2\pcsx2\windows\vcprojects\win32\release\memory.obj
c:\users\hoholee12\documents\visual studio 2013\projects\pcsx2\pcsx2\windows\vcprojects\win32\release\vumicro.obj
c:\users\hoholee12\documents\visual studio 2013\projects\pcsx2\pcsx2\windows\vcprojects\win32\release\svu_lower.obj
c:\users\hoholee12\documents\visual studio 2013\projects\pcsx2\pcsx2\windows\vcprojects\win32\release\vu0.obj
c:\users\hoholee12\documents\visual studio 2013\projects\pcsx2\pcsx2\windows\vcprojects\win32\release\vu0microinterp.obj
c:\users\hoholee12\documents\visual studio 2013\projects\pcsx2\pcsx2\windows\vcprojects\win32\release\vuflags.obj
c:\users\hoholee12\documents\visual studio 2013\projects\pcsx2\pcsx2\windows\vcprojects\win32\release\sif0.obj
c:\users\hoholee12\documents\visual studio 2013\projects\pcsx2\pcsx2\windows\vcprojects\win32\release\vif0_dma.obj
c:\users\hoholee12\documents\visual studio 2013\projects\pcsx2\pcsx2\windows\vcprojects\win32\release\vif_codes.obj
c:\users\hoholee12\documents\visual studio 2013\projects\pcsx2\pcsx2\windows\vcprojects\win32\release\newvif_unpacksse.obj
c:\users\hoholee12\documents\visual studio 2013\projects\pcsx2\pcsx2\windows\vcprojects\win32\release\icop0.obj
c:\users\hoholee12\documents\visual studio 2013\projects\pcsx2\pcsx2\windows\vcprojects\win32\release\ir5900misc.obj
c:\users\hoholee12\documents\visual studio 2013\projects\pcsx2\pcsx2\windows\vcprojects\win32\release\ir5900arit.obj
c:\users\hoholee12\documents\visual studio 2013\projects\pcsx2\pcsx2\windows\vcprojects\win32\release\ir5900loadstore.obj
c:\users\hoholee12\documents\visual studio 2013\projects\pcsx2\pcsx2\windows\vcprojects\win32\release\ir5900templates.obj
c:\users\hoholee12\documents\visual studio 2013\projects\pcsx2\pcsx2\windows\vcprojects\win32\release\mmi.obj
c:\users\hoholee12\documents\visual studio 2013\projects\pcsx2\pcsx2\windows\vcprojects\win32\release\iopbios.obj
c:\users\hoholee12\documents\visual studio 2013\projects\pcsx2\pcsx2\windows\vcprojects\win32\release\iopirq.obj
c:\users\hoholee12\documents\visual studio 2013\projects\pcsx2\pcsx2\windows\vcprojects\win32\release\r3000a.obj
c:\users\hoholee12\documents\visual studio 2013\projects\pcsx2\pcsx2\windows\vcprojects\win32\release\ir3000a.obj
c:\users\hoholee12\documents\visual studio 2013\projects\pcsx2\pcsx2\windows\vcprojects\win32\release\cdrom.obj
c:\users\hoholee12\documents\visual studio 2013\projects\pcsx2\pcsx2\windows\vcprojects\win32\release\yuv2rgb.obj
c:\users\hoholee12\documents\visual studio 2013\projects\pcsx2\pcsx2\windows\vcprojects\win32\release\idct.obj
c:\users\hoholee12\documents\visual studio 2013\projects\pcsx2\pcsx2\windows\vcprojects\win32\release\mpeg.obj
c:\users\hoholee12\documents\visual studio 2013\projects\pcsx2\pcsx2\windows\vcprojects\win32\release\gs.obj
c:\users\hoholee12\documents\visual studio 2013\projects\pcsx2\pcsx2\windows\vcprojects\win32\release\disr3000a.obj
c:\users\hoholee12\documents\visual studio 2013\projects\pcsx2\pcsx2\windows\vcprojects\win32\release\disvu0micro.obj
c:\users\hoholee12\documents\visual studio 2013\projects\pcsx2\pcsx2\windows\vcprojects\win32\release\winsysexec.obj
c:\users\hoholee12\documents\visual studio 2013\projects\pcsx2\pcsx2\windows\vcprojects\win32\release\appcorethread.obj
c:\users\hoholee12\documents\visual studio 2013\projects\pcsx2\pcsx2\windows\vcprojects\win32\release\consolelogger.obj
c:\users\hoholee12\documents\visual studio 2013\projects\pcsx2\pcsx2\windows\vcprojects\win32\release\globalcommands.obj
c:\users\hoholee12\documents\visual studio 2013\projects\pcsx2\pcsx2\windows\vcprojects\win32\release\memorycardfile.obj
c:\users\hoholee12\documents\visual studio 2013\projects\pcsx2\pcsx2\windows\vcprojects\win32\release\messageboxes.obj
c:\users\hoholee12\documents\visual studio 2013\projects\pcsx2\pcsx2\windows\vcprojects\win32\release\recentisolist.obj
c:\users\hoholee12\documents\visual studio 2013\projects\pcsx2\pcsx2\windows\vcprojects\win32\release\assertiondialog.obj
c:\users\hoholee12\documents\visual studio 2013\projects\pcsx2\pcsx2\windows\vcprojects\win32\release\confirmationdialogs.obj
c:\users\hoholee12\documents\visual studio 2013\projects\pcsx2\pcsx2\windows\vcprojects\win32\release\pickusermodedialog.obj
c:\users\hoholee12\documents\visual studio 2013\projects\pcsx2\pcsx2\windows\vcprojects\win32\release\biosselectorpanel.obj
c:\users\hoholee12\documents\visual studio 2013\projects\pcsx2\pcsx2\windows\vcprojects\win32\release\logoptionspanels.obj
c:\users\hoholee12\documents\visual studio 2013\projects\pcsx2\pcsx2\windows\vcprojects\win32\release\miscpanelstuff.obj
c:\users\hoholee12\documents\visual studio 2013\projects\pcsx2\pcsx2\windows\vcprojects\win32\release\videopanel.obj
c:\users\hoholee12\documents\visual studio 2013\projects\pcsx2\pcsx2\windows\vcprojects\win32\release\sysstate.obj
c:\users\hoholee12\documents\visual studio 2013\projects\pcsx2\pcsx2\windows\vcprojects\win32\release\chunkscache.obj
c:\users\hoholee12\documents\visual studio 2013\projects\pcsx2\pcsx2\windows\vcprojects\win32\release\gzippedfilereader.obj
c:\users\hoholee12\documents\visual studio 2013\projects\pcsx2\pcsx2\windows\vcprojects\win32\release\disassemblymanager.obj
c:\users\hoholee12\documents\visual studio 2013\projects\pcsx2\pcsx2\windows\vcprojects\win32\release\mipsassemblertables.obj
c:\users\hoholee12\documents\visual studio 2013\projects\pcsx2\pcsx2\windows\vcprojects\win32\release\symbolmap.obj
c:\users\hoholee12\documents\visual studio 2013\projects\pcsx2\pcsx2\windows\vcprojects\win32\release\ctrlregisterlist.obj
c:\users\hoholee12\documents\visual studio 2013\projects\pcsx2\pcsx2\windows\vcprojects\win32\release\mcdconfigdialog.obj
c:\users\hoholee12\documents\visual studio 2013\projects\pcsx2\pcsx2\windows\vcprojects\win32\release\ipudma.obj
c:\users\hoholee12\documents\visual studio 2013\projects\pcsx2\pcsx2\windows\vcprojects\win32\release\multipartfilereader.obj
c:\users\hoholee12\documents\visual studio 2013\projects\pcsx2\pcsx2\windows\vcprojects\win32\release\shiftjistounicode.obj
c:\users\hoholee12\documents\visual studio 2013\projects\pcsx2\pcsx2\windows\vcprojects\win32\release\imisc.obj
c:\users\hoholee12\documents\visual studio 2013\projects\pcsx2\pcsx2\windows\vcprojects\win32\release\flatfilereaderwindows.obj
c:\users\hoholee12\documents\visual studio 2013\projects\pcsx2\pcsx2\windows\vcprojects\win32\release\savestate.obj
c:\users\hoholee12\documents\visual studio 2013\projects\pcsx2\pcsx2\windows\vcprojects\win32\release\systhreadbase.obj
c:\users\hoholee12\documents\visual studio 2013\projects\pcsx2\pcsx2\windows\vcprojects\win32\release\elfheader.obj
c:\users\hoholee12\documents\visual studio 2013\projects\pcsx2\pcsx2\windows\vcprojects\win32\release\fifo.obj
c:\users\hoholee12\documents\visual studio 2013\projects\pcsx2\pcsx2\windows\vcprojects\win32\release\hwwrite.obj
c:\users\hoholee12\documents\visual studio 2013\projects\pcsx2\pcsx2\windows\vcprojects\win32\release\mtvu.obj
c:\users\hoholee12\documents\visual studio 2013\projects\pcsx2\pcsx2\windows\vcprojects\win32\release\svu_micro.obj
c:\users\hoholee12\documents\visual studio 2013\projects\pcsx2\pcsx2\windows\vcprojects\win32\release\svu_zerorec.obj
c:\users\hoholee12\documents\visual studio 2013\projects\pcsx2\pcsx2\windows\vcprojects\win32\release\sif1.obj
c:\users\hoholee12\documents\visual studio 2013\projects\pcsx2\pcsx2\windows\vcprojects\win32\release\vif1_dma.obj
c:\users\hoholee12\documents\visual studio 2013\projects\pcsx2\pcsx2\windows\vcprojects\win32\release\vif_unpack.obj
c:\users\hoholee12\documents\visual studio 2013\projects\pcsx2\pcsx2\windows\vcprojects\win32\release\spr.obj
c:\users\hoholee12\documents\visual studio 2013\projects\pcsx2\pcsx2\windows\vcprojects\win32\release\ifpud.obj
c:\users\hoholee12\documents\visual studio 2013\projects\pcsx2\pcsx2\windows\vcprojects\win32\release\ir5900-32.obj
c:\users\hoholee12\documents\visual studio 2013\projects\pcsx2\pcsx2\windows\vcprojects\win32\release\ir5900multdiv.obj
c:\users\hoholee12\documents\visual studio 2013\projects\pcsx2\pcsx2\windows\vcprojects\win32\release\cop2.obj
c:\users\hoholee12\documents\visual studio 2013\projects\pcsx2\pcsx2\windows\vcprojects\win32\release\r5900.obj
c:\users\hoholee12\documents\visual studio 2013\projects\pcsx2\pcsx2\windows\vcprojects\win32\release\iopsio2.obj
c:\users\hoholee12\documents\visual studio 2013\projects\pcsx2\pcsx2\windows\vcprojects\win32\release\sio.obj
c:\users\hoholee12\documents\visual studio 2013\projects\pcsx2\pcsx2\windows\vcprojects\win32\release\iophwread.obj
c:\users\hoholee12\documents\visual studio 2013\projects\pcsx2\pcsx2\windows\vcprojects\win32\release\cdvdaccess.obj
c:\users\hoholee12\documents\visual studio 2013\projects\pcsx2\pcsx2\windows\vcprojects\win32\release\mtgs.obj
c:\users\hoholee12\documents\visual studio 2013\projects\pcsx2\pcsx2\windows\vcprojects\win32\release\icore.obj
c:\users\hoholee12\documents\visual studio 2013\projects\pcsx2\pcsx2\windows\vcprojects\win32\release\appconfig.obj
c:\users\hoholee12\documents\visual studio 2013\projects\pcsx2\pcsx2\windows\vcprojects\win32\release\appmain.obj
c:\users\hoholee12\documents\visual studio 2013\projects\pcsx2\pcsx2\windows\vcprojects\win32\release\isodroptarget.obj
c:\users\hoholee12\documents\visual studio 2013\projects\pcsx2\pcsx2\windows\vcprojects\win32\release\pxlogtextctrl.obj
c:\users\hoholee12\documents\visual studio 2013\projects\pcsx2\pcsx2\windows\vcprojects\win32\release\baseconfigurationdialog.obj
c:\users\hoholee12\documents\visual studio 2013\projects\pcsx2\pcsx2\windows\vcprojects\win32\release\importsettingsdialog.obj
c:\users\hoholee12\documents\visual studio 2013\projects\pcsx2\pcsx2\windows\vcprojects\win32\release\sysconfigdialog.obj
c:\users\hoholee12\documents\visual studio 2013\projects\pcsx2\pcsx2\windows\vcprojects\win32\release\dirpickerpanel.obj
c:\users\hoholee12\documents\visual studio 2013\projects\pcsx2\pcsx2\windows\vcprojects\win32\release\pathspanel.obj
c:\users\hoholee12\documents\visual studio 2013\projects\pcsx2\pcsx2\windows\vcprojects\win32\release\speedhackspanel.obj
c:\users\hoholee12\documents\visual studio 2013\projects\pcsx2\pcsx2\windows\vcprojects\win32\release\saveslots.obj
c:\users\hoholee12\documents\visual studio 2013\projects\pcsx2\pcsx2\windows\vcprojects\win32\release\thread_lzma.obj
c:\users\hoholee12\documents\visual studio 2013\projects\pcsx2\pcsx2\windows\vcprojects\win32\release\csofilereader.obj
c:\users\hoholee12\documents\visual studio 2013\projects\pcsx2\pcsx2\windows\vcprojects\win32\release\breakpoints.obj
c:\users\hoholee12\documents\visual studio 2013\projects\pcsx2\pcsx2\windows\vcprojects\win32\release\gamedatabase.obj
c:\users\hoholee12\documents\visual studio 2013\projects\pcsx2\pcsx2\windows\vcprojects\win32\release\appgamedatabase.obj
c:\users\hoholee12\documents\visual studio 2013\projects\pcsx2\pcsx2\windows\vcprojects\win32\release\breakpointwindow.obj
c:\users\hoholee12\documents\visual studio 2013\projects\pcsx2\pcsx2\windows\vcprojects\win32\release\ctrlmemview.obj
c:\users\hoholee12\documents\visual studio 2013\projects\pcsx2\pcsx2\windows\vcprojects\win32\release\disassemblydialog.obj
c:\users\hoholee12\documents\visual studio 2013\projects\pcsx2\pcsx2\windows\vcprojects\win32\release\patch_memory.obj
c:\users\hoholee12\documents\visual studio 2013\projects\pcsx2\pcsx2\windows\vcprojects\win32\release\sif2.obj
c:\users\hoholee12\documents\visual studio 2013\projects\pcsx2\pcsx2\windows\vcprojects\win32\release\pluginmanager.obj
c:\users\hoholee12\documents\visual studio 2013\projects\pcsx2\pcsx2\windows\vcprojects\win32\release\syscorethread.obj
c:\users\hoholee12\documents\visual studio 2013\projects\pcsx2\pcsx2\windows\vcprojects\win32\release\vtlb.obj
c:\users\hoholee12\documents\visual studio 2013\projects\pcsx2\pcsx2\windows\vcprojects\win32\release\ivu1micro.obj
c:\users\hoholee12\documents\visual studio 2013\projects\pcsx2\pcsx2\windows\vcprojects\win32\release\microvu.obj
c:\users\hoholee12\documents\visual studio 2013\projects\pcsx2\pcsx2\windows\vcprojects\win32\release\vu1microinterp.obj
c:\users\hoholee12\documents\visual studio 2013\projects\pcsx2\pcsx2\windows\vcprojects\win32\release\sif.obj
c:\users\hoholee12\documents\visual studio 2013\projects\pcsx2\pcsx2\windows\vcprojects\win32\release\vif.obj
c:\users\hoholee12\documents\visual studio 2013\projects\pcsx2\pcsx2\windows\vcprojects\win32\release\vif_transfer.obj
c:\users\hoholee12\documents\visual studio 2013\projects\pcsx2\pcsx2\windows\vcprojects\win32\release\newvif_dynarec.obj
c:\users\hoholee12\documents\visual studio 2013\projects\pcsx2\pcsx2\windows\vcprojects\win32\release\r5900opcodetables.obj
c:\users\hoholee12\documents\visual studio 2013\projects\pcsx2\pcsx2\windows\vcprojects\win32\release\ifpu.obj
c:\users\hoholee12\documents\visual studio 2013\projects\pcsx2\pcsx2\windows\vcprojects\win32\release\ir5900tables.obj
c:\users\hoholee12\documents\visual studio 2013\projects\pcsx2\pcsx2\windows\vcprojects\win32\release\ir5900branch.obj
c:\users\hoholee12\documents\visual studio 2013\projects\pcsx2\pcsx2\windows\vcprojects\win32\release\ir5900move.obj
c:\users\hoholee12\documents\visual studio 2013\projects\pcsx2\pcsx2\windows\vcprojects\win32\release\cop0.obj
c:\users\hoholee12\documents\visual studio 2013\projects\pcsx2\pcsx2\windows\vcprojects\win32\release\interpreter.obj
c:\users\hoholee12\documents\visual studio 2013\projects\pcsx2\pcsx2\windows\vcprojects\win32\release\iopcounters.obj
c:\users\hoholee12\documents\visual studio 2013\projects\pcsx2\pcsx2\windows\vcprojects\win32\release\iopmem.obj
c:\users\hoholee12\documents\visual studio 2013\projects\pcsx2\pcsx2\windows\vcprojects\win32\release\r3000ainterpreter.obj
c:\users\hoholee12\documents\visual studio 2013\projects\pcsx2\pcsx2\windows\vcprojects\win32\release\ir3000atables.obj
c:\users\hoholee12\documents\visual studio 2013\projects\pcsx2\pcsx2\windows\vcprojects\win32\release\iophwwrite.obj
c:\users\hoholee12\documents\visual studio 2013\projects\pcsx2\pcsx2\windows\vcprojects\win32\release\cdvdisoreader.obj
c:\users\hoholee12\documents\visual studio 2013\projects\pcsx2\pcsx2\windows\vcprojects\win32\release\disvu1micro.obj
c:\users\hoholee12\documents\visual studio 2013\projects\pcsx2\pcsx2\windows\vcprojects\win32\release\isofile.obj
c:\users\hoholee12\documents\visual studio 2013\projects\pcsx2\pcsx2\windows\vcprojects\win32\release\isofscdvd.obj
c:\users\hoholee12\documents\visual studio 2013\projects\pcsx2\pcsx2\windows\vcprojects\win32\release\appcoreplugins.obj
c:\users\hoholee12\documents\visual studio 2013\projects\pcsx2\pcsx2\windows\vcprojects\win32\release\appinit.obj
c:\users\hoholee12\documents\visual studio 2013\projects\pcsx2\pcsx2\windows\vcprojects\win32\release\cpuusageprovider.obj
c:\users\hoholee12\documents\visual studio 2013\projects\pcsx2\pcsx2\windows\vcprojects\win32\release\frameforgs.obj
c:\users\hoholee12\documents\visual studio 2013\projects\pcsx2\pcsx2\windows\vcprojects\win32\release\mainmenuclicks.obj
c:\users\hoholee12\documents\visual studio 2013\projects\pcsx2\pcsx2\windows\vcprojects\win32\release\aboutboxdialog.obj
c:\users\hoholee12\documents\visual studio 2013\projects\pcsx2\pcsx2\windows\vcprojects\win32\release\creatememorycarddialog.obj
c:\users\hoholee12\documents\visual studio 2013\projects\pcsx2\pcsx2\windows\vcprojects\win32\release\logoptionsdialog.obj
c:\users\hoholee12\documents\visual studio 2013\projects\pcsx2\pcsx2\windows\vcprojects\win32\release\audiopanel.obj
c:\users\hoholee12\documents\visual studio 2013\projects\pcsx2\pcsx2\windows\vcprojects\win32\release\baseapplicableconfigpanel.obj
c:\users\hoholee12\documents\visual studio 2013\projects\pcsx2\pcsx2\windows\vcprojects\win32\release\gamefixespanel.obj
c:\users\hoholee12\documents\visual studio 2013\projects\pcsx2\pcsx2\windows\vcprojects\win32\release\pluginselectorpanel.obj
c:\users\hoholee12\documents\visual studio 2013\projects\pcsx2\pcsx2\windows\vcprojects\win32\release\wincompressntfs.obj
c:\users\hoholee12\documents\visual studio 2013\projects\pcsx2\pcsx2\windows\vcprojects\win32\release\thread_gzip.obj
c:\users\hoholee12\documents\visual studio 2013\projects\pcsx2\pcsx2\windows\vcprojects\win32\release\ipu.obj
c:\users\hoholee12\documents\visual studio 2013\projects\pcsx2\pcsx2\windows\vcprojects\win32\release\ipu_fifo.obj
c:\users\hoholee12\documents\visual studio 2013\projects\pcsx2\pcsx2\gui\resources\configicon_appearance.h
c:\users\hoholee12\documents\visual studio 2013\projects\pcsx2\pcsx2\gui\resources\appicon16.h
c:\users\hoholee12\documents\visual studio 2013\projects\pcsx2\pcsx2\gui\resources\appicon32.h
c:\users\hoholee12\documents\visual studio 2013\projects\pcsx2\pcsx2\gui\resources\appicon64.h
c:\users\hoholee12\documents\visual studio 2013\projects\pcsx2\pcsx2\gui\resources\backgroundlogo.h
c:\users\hoholee12\documents\visual studio 2013\projects\pcsx2\pcsx2\gui\resources\buttonicon_camera.h
c:\users\hoholee12\documents\visual studio 2013\projects\pcsx2\pcsx2\gui\resources\configicon_cpu.h
c:\users\hoholee12\documents\visual studio 2013\projects\pcsx2\pcsx2\gui\resources\configicon_gamefixes.h
c:\users\hoholee12\documents\visual studio 2013\projects\pcsx2\pcsx2\gui\resources\configicon_memorycard.h
c:\users\hoholee12\documents\visual studio 2013\projects\pcsx2\pcsx2\gui\resources\configicon_paths.h
c:\users\hoholee12\documents\visual studio 2013\projects\pcsx2\pcsx2\gui\resources\configicon_plugins.h
c:\users\hoholee12\documents\visual studio 2013\projects\pcsx2\pcsx2\gui\resources\configicon_speedhacks.h
c:\users\hoholee12\documents\visual studio 2013\projects\pcsx2\pcsx2\gui\resources\configicon_video.h
c:\users\hoholee12\documents\visual studio 2013\projects\pcsx2\pcsx2\gui\resources\dualshock.h
c:\users\hoholee12\documents\visual studio 2013\projects\pcsx2\pcsx2\gui\resources\breakpoint_active.h
c:\users\hoholee12\documents\visual studio 2013\projects\pcsx2\pcsx2\gui\resources\breakpoint_inactive.h
c:\users\hoholee12\documents\visual studio 2013\projects\pcsx2\pcsx2\windows\vcprojects\win32\release\wx.res
c:\users\hoholee12\documents\visual studio 2013\projects\pcsx2\pcsx2\windows\vcprojects\win32\release\wxresources.res
c:\users\hoholee12\documents\visual studio 2013\projects\pcsx2\pcsx2\windows\vcprojects\win32\release\pcsx2.tlog\cl.command.1.tlog
c:\users\hoholee12\documents\visual studio 2013\projects\pcsx2\pcsx2\windows\vcprojects\win32\release\pcsx2.tlog\cl.read.1.tlog
c:\users\hoholee12\documents\visual studio 2013\projects\pcsx2\pcsx2\windows\vcprojects\win32\release\pcsx2.tlog\cl.write.1.tlog
c:\users\hoholee12\documents\visual studio 2013\projects\pcsx2\pcsx2\windows\vcprojects\win32\release\pcsx2.tlog\custombuild.command.1.tlog
c:\users\hoholee12\documents\visual studio 2013\projects\pcsx2\pcsx2\windows\vcprojects\win32\release\pcsx2.tlog\custombuild.read.1.tlog
c:\users\hoholee12\documents\visual studio 2013\projects\pcsx2\pcsx2\windows\vcprojects\win32\release\pcsx2.tlog\custombuild.write.1.tlog
c:\users\hoholee12\documents\visual studio 2013\projects\pcsx2\pcsx2\windows\vcprojects\win32\release\pcsx2.tlog\link.command.1.tlog
c:\users\hoholee12\documents\visual studio 2013\projects\pcsx2\pcsx2\windows\vcprojects\win32\release\pcsx2.tlog\link.read.1.tlog
c:\users\hoholee12\documents\visual studio 2013\projects\pcsx2\pcsx2\windows\vcprojects\win32\release\pcsx2.tlog\link.write.1.tlog
c:\users\hoholee12\documents\visual studio 2013\projects\pcsx2\pcsx2\windows\vcprojects\win32\release\pcsx2.tlog\rc.command.1.tlog
c:\users\hoholee12\documents\visual studio 2013\projects\pcsx2\pcsx2\windows\vcprojects\win32\release\pcsx2.tlog\rc.read.1.tlog
c:\users\hoholee12\documents\visual studio 2013\projects\pcsx2\pcsx2\windows\vcprojects\win32\release\pcsx2.tlog\rc.write.1.tlog
